<?xml version="1.0" encoding="UTF-8"?>
<!-- Generated by org.testng.reporters.JUnitXMLReporter -->
<testsuite ignored="0" hostname="DESKTOP-DRA2MG1" failures="0" tests="3" name="Test" time="31.612" errors="0" timestamp="2024-01-16T08:09:37 IST">
  <testcase classname="testcases.RegistrationTestCases" name="verifyRegisterationWithBlankData" time="4.762"/>
  <testcase classname="testcases.RegistrationTestCases" name="verifyRegisterationWithValidData" time="2.975"/>
  <testcase classname="testcases.LoginTestCases" name="verifyLogin" time="3.239"/>
</testsuite> <!-- Test -->
