<?xml version="1.0" encoding="UTF-8"?>
<testng-results ignored="0" total="3" passed="3" failed="0" skipped="0">
  <reporter-output>
  </reporter-output>
  <suite started-at="2024-01-16T08:09:06 IST" name="Suite" finished-at="2024-01-16T08:09:37 IST" duration-ms="31612">
    <groups>
    </groups>
    <test started-at="2024-01-16T08:09:06 IST" name="Test" finished-at="2024-01-16T08:09:37 IST" duration-ms="31612">
      <class name="testcases.LoginTestCases">
        <test-method is-config="true" signature="launchBrowser()[pri:0, instance:testcases.LoginTestCases@17497425]" started-at="2024-01-16T08:09:26 IST" name="launchBrowser" finished-at="2024-01-16T08:09:34 IST" duration-ms="8286" status="PASS">
          <reporter-output>
          </reporter-output>
        </test-method> <!-- launchBrowser -->
        <test-method signature="verifyLogin()[pri:0, instance:testcases.LoginTestCases@17497425]" started-at="2024-01-16T08:09:34 IST" name="verifyLogin" finished-at="2024-01-16T08:09:37 IST" duration-ms="3239" status="PASS">
          <reporter-output>
          </reporter-output>
        </test-method> <!-- verifyLogin -->
      </class> <!-- testcases.LoginTestCases -->
      <class name="testcases.RegistrationTestCases">
        <test-method is-config="true" signature="launchBrowser()[pri:0, instance:testcases.RegistrationTestCases@37d4349f]" started-at="2024-01-16T08:09:06 IST" name="launchBrowser" finished-at="2024-01-16T08:09:18 IST" duration-ms="12224" status="PASS">
          <reporter-output>
          </reporter-output>
        </test-method> <!-- launchBrowser -->
        <test-method signature="verifyRegisterationWithBlankData()[pri:0, instance:testcases.RegistrationTestCases@37d4349f]" started-at="2024-01-16T08:09:18 IST" name="verifyRegisterationWithBlankData" finished-at="2024-01-16T08:09:23 IST" duration-ms="4762" status="PASS">
          <reporter-output>
          </reporter-output>
        </test-method> <!-- verifyRegisterationWithBlankData -->
        <test-method signature="verifyRegisterationWithValidData()[pri:0, instance:testcases.RegistrationTestCases@37d4349f]" started-at="2024-01-16T08:09:23 IST" name="verifyRegisterationWithValidData" finished-at="2024-01-16T08:09:26 IST" duration-ms="2975" status="PASS">
          <reporter-output>
          </reporter-output>
        </test-method> <!-- verifyRegisterationWithValidData -->
      </class> <!-- testcases.RegistrationTestCases -->
    </test> <!-- Test -->
  </suite> <!-- Suite -->
</testng-results>
